<?xml version="1.0" encoding="UTF-8"?>
<testsuite xmlns:xsi="http://www.w3.org/2001/XMLSchema-instance" xsi:noNamespaceSchemaLocation="https://maven.apache.org/surefire/maven-surefire-plugin/xsd/surefire-test-report.xsd" version="3.0.2" name="com.pb.xmlpracticecbs.XmlpracticecbsApplicationTests" time="14.479" tests="1" errors="0" skipped="0" failures="0">
  <properties>
[...]
</properties>
  <testcase name="contextLoads" classname="com.pb.xmlpracticecbs.XmlpracticecbsApplicationTests" time="3.246">
    <system-out><![CDATA[22:39:42.815 [main] INFO org.springframework.test.context.support.AnnotationConfigContextLoaderUtils -- Could not detect default configuration classes for test class [com.pb.xmlpracticecbs.XmlpracticecbsApplicationTests]: XmlpracticecbsApplicationTests does not declare any static, non-private, non-final, nested classes annotated with @Configuration.
22:39:43.164 [main] INFO org.springframework.boot.test.context.SpringBootTestContextBootstrapper -- Found @SpringBootConfiguration com.pb.xmlpracticecbs.XmlpracticecbsApplication for test class com.pb.xmlpracticecbs.XmlpracticecbsApplicationTests

  .   ____          _            __ _ _
 /\\ / ___'_ __ _ _(_)_ __  __ _ \ \ \ \
( ( )\___ | '_ | '_| | '_ \/ _` | \ \ \ \
 \\/  ___)| |_)| | | | | || (_| |  ) ) ) )
  '  |____| .__|_| |_|_| |_\__, | / / / /
 =========|_|==============|___/=/_/_/_/

 :: Spring Boot ::               (v3.5.10)

2026-02-13T22:39:44.313+05:30  INFO 15344 --- [xmlpracticecbs] [           main] c.p.x.XmlpracticecbsApplicationTests     : Starting XmlpracticecbsApplicationTests using Java 21.0.8 with PID 15344 (started by integra in C:\Users\integra\IdeaProjects\XMLPracticw\xmlpracticecbs)
2026-02-13T22:39:44.317+05:30  INFO 15344 --- [xmlpracticecbs] [           main] c.p.x.XmlpracticecbsApplicationTests     : No active profile set, falling back to 1 default profile: "default"
2026-02-13T22:39:50.589+05:30  INFO 15344 --- [xmlpracticecbs] [           main] o.a.c.impl.engine.AbstractCamelContext   : Apache Camel 4.17.0 (camel-1) is starting
2026-02-13T22:39:52.572+05:30  INFO 15344 --- [xmlpracticecbs] [           main] org.eclipse.jetty.server.Server          : jetty-12.0.31; built: 2025-12-03T21:37:40.808Z; git: 5eb4a85cac542a4ad1f2b9d761f9c99f5ca9476e; jvm 21.0.8+12-LTS-250
2026-02-13T22:39:53.201+05:30  INFO 15344 --- [xmlpracticecbs] [           main] o.e.jetty.server.handler.ContextHandler  : Started oeje10s.ServletContextHandler@f2fb225{ROOT,/,b=null,a=AVAILABLE,h=oeje10s.ServletHandler@1883871b{STARTED}}
2026-02-13T22:39:53.208+05:30  INFO 15344 --- [xmlpracticecbs] [           main] o.e.j.e.servlet.ServletContextHandler    : Started oeje10s.ServletContextHandler@f2fb225{ROOT,/,b=null,a=AVAILABLE,h=oeje10s.ServletHandler@1883871b{STARTED}}
2026-02-13T22:39:53.438+05:30  INFO 15344 --- [xmlpracticecbs] [           main] o.e.jetty.server.AbstractConnector       : Started ServerConnector@7e2c6702{HTTP/1.1, (http/1.1)}{0.0.0.0:9091}
2026-02-13T22:39:53.447+05:30  INFO 15344 --- [xmlpracticecbs] [           main] org.eclipse.jetty.server.Server          : Started oejs.Server@28b458e6{STARTING}[12.0.31,sto=0] @12566ms
2026-02-13T22:39:53.456+05:30  INFO 15344 --- [xmlpracticecbs] [           main] o.a.c.impl.engine.AbstractCamelContext   : Routes startup (total:1 rest-dsl:1)
2026-02-13T22:39:53.456+05:30  INFO 15344 --- [xmlpracticecbs] [           main] o.a.c.impl.engine.AbstractCamelContext   :     Started route1 (rest://post:/camel/api/cbs/getBalance)
2026-02-13T22:39:53.457+05:30  INFO 15344 --- [xmlpracticecbs] [           main] o.a.c.impl.engine.AbstractCamelContext   : Apache Camel 4.17.0 (camel-1) started in 2s861ms (build:0ms init:0ms start:2s861ms boot:3s356ms)
2026-02-13T22:39:53.461+05:30  INFO 15344 --- [xmlpracticecbs] [           main] c.p.x.XmlpracticecbsApplicationTests     : Started XmlpracticecbsApplicationTests in 9.914 seconds (process running for 12.581)
]]></system-out>
    <system-err><![CDATA[Mockito is currently self-attaching to enable the inline-mock-maker. This will no longer work in future releases of the JDK. Please add Mockito as an agent to your build as described in Mockito's documentation: https://javadoc.io/doc/org.mockito/mockito-core/latest/org.mockito/org/mockito/Mockito.html#0.3
WARNING: A Java agent has been loaded dynamically (C:\Users\integra\.m2\repository\net\bytebuddy\byte-buddy-agent\1.17.8\byte-buddy-agent-1.17.8.jar)
WARNING: If a serviceability tool is in use, please run with -XX:+EnableDynamicAgentLoading to hide this warning
WARNING: If a serviceability tool is not in use, please run with -Djdk.instrument.traceUsage for more information
WARNING: Dynamic loading of agents will be disallowed by default in a future release
]]></system-err>
  </testcase>
</testsuite>